TN:
SF:src/lib/calibration/labelCalibration.ts
FN:54,extractLabelWidthMm
FN:78,extractLabelLengthMm
FN:97,shouldEnableHighQuality
FN:106,logPrintInfoByte
FN:119,buildPrintInfoByte
FN:152,getLabelWidthHeaderData
FNF:6
FNH:0
FNDA:0,extractLabelWidthMm
FNDA:0,extractLabelLengthMm
FNDA:0,shouldEnableHighQuality
FNDA:0,logPrintInfoByte
FNDA:0,buildPrintInfoByte
FNDA:0,getLabelWidthHeaderData
DA:42,0
DA:56,0
DA:57,0
DA:58,0
DA:59,0
DA:63,0
DA:64,0
DA:65,0
DA:66,0
DA:69,0
DA:79,0
DA:80,0
DA:83,0
DA:84,0
DA:85,0
DA:88,0
DA:98,0
DA:107,0
DA:108,0
DA:109,0
DA:110,0
DA:128,0
DA:129,0
DA:130,0
DA:132,0
DA:134,0
DA:136,0
DA:163,0
DA:164,0
DA:165,0
DA:166,0
DA:169,0
DA:170,0
DA:173,0
DA:174,0
DA:177,0
DA:179,0
DA:180,0
DA:181,0
DA:182,0
DA:183,0
DA:184,0
DA:185,0
DA:186,0
DA:187,0
DA:191,0
LF:46
LH:0
BRDA:58,0,0,0
BRDA:65,1,0,0
BRDA:79,2,0,0
BRDA:84,3,0,0
BRDA:98,4,0,0
BRDA:98,4,1,0
BRDA:108,5,0,0
BRDA:108,5,1,0
BRDA:109,6,0,0
BRDA:109,6,1,0
BRDA:110,7,0,0
BRDA:110,7,1,0
BRDA:129,8,0,0
BRDA:170,9,0,0
BRDA:170,9,1,0
BRDA:181,10,0,0
BRDA:181,10,1,0
BRDA:183,11,0,0
BRDA:183,11,1,0
BRF:19
BRH:0
end_of_record
TN:
SF:src/lib/config/configLoader.ts
FN:123,loadLabelConfigurations
FN:135,(anonymous_1)
FN:163,loadPrinterConfigurations
FN:175,(anonymous_3)
FN:202,getLabelCalibration
FN:214,getLabelsByType
FN:216,(anonymous_6)
FN:225,getLabelsByProcessingGroup
FN:227,(anonymous_8)
FN:239,convertToPrinterCapabilities
FN:268,generateLabelConfigurationsForPrinter
FN:315,getCachedLabelsInternal
FN:324,getCachedPrintersInternal
FN:333,clearCacheInternal
FN:344,(anonymous_14)
FN:351,(anonymous_15)
FN:356,(anonymous_16)
FNF:17
FNH:0
FNDA:0,loadLabelConfigurations
FNDA:0,(anonymous_1)
FNDA:0,loadPrinterConfigurations
FNDA:0,(anonymous_3)
FNDA:0,getLabelCalibration
FNDA:0,getLabelsByType
FNDA:0,(anonymous_6)
FNDA:0,getLabelsByProcessingGroup
FNDA:0,(anonymous_8)
FNDA:0,convertToPrinterCapabilities
FNDA:0,generateLabelConfigurationsForPrinter
FNDA:0,getCachedLabelsInternal
FNDA:0,getCachedPrintersInternal
FNDA:0,clearCacheInternal
FNDA:0,(anonymous_14)
FNDA:0,(anonymous_15)
FNDA:0,(anonymous_16)
DA:23,0
DA:25,0
DA:27,0
DA:124,0
DA:126,0
DA:128,0
DA:129,0
DA:130,0
DA:134,0
DA:135,0
DA:137,0
DA:138,0
DA:139,0
DA:140,0
DA:142,0
DA:143,0
DA:145,0
DA:149,0
DA:152,0
DA:164,0
DA:166,0
DA:168,0
DA:169,0
DA:170,0
DA:174,0
DA:175,0
DA:177,0
DA:178,0
DA:179,0
DA:180,0
DA:182,0
DA:184,0
DA:186,0
DA:190,0
DA:193,0
DA:203,0
DA:204,0
DA:205,0
DA:215,0
DA:216,0
DA:226,0
DA:227,0
DA:240,0
DA:243,0
DA:245,0
DA:271,0
DA:272,0
DA:274,0
DA:275,0
DA:277,0
DA:279,0
DA:281,0
DA:283,0
DA:290,0
DA:291,0
DA:292,0
DA:293,0
DA:295,0
DA:303,0
DA:307,0
DA:309,0
DA:311,0
DA:313,0
DA:316,0
DA:317,0
DA:318,0
DA:319,0
DA:321,0
DA:325,0
DA:326,0
DA:327,0
DA:328,0
DA:330,0
DA:334,0
DA:335,0
DA:336,0
DA:344,0
DA:351,0
DA:356,0
LF:79
LH:0
BRDA:128,0,0,0
BRDA:168,1,0,0
BRDA:281,2,0,0
BRDA:281,2,1,0
BRDA:317,3,0,0
BRDA:317,4,0,0
BRDA:317,4,1,0
BRDA:326,5,0,0
BRDA:326,6,0,0
BRDA:326,6,1,0
BRF:10
BRH:0
end_of_record
TN:
SF:src/lib/image/compression.ts
FN:17,countRunLength
FN:41,processRepeatedBytes
FN:60,processNonRepeatingBytes
FN:88,compressTIFF
FNF:4
FNH:0
FNDA:0,countRunLength
FNDA:0,processRepeatedBytes
FNDA:0,processNonRepeatingBytes
FNDA:0,compressTIFF
DA:18,0
DA:19,0
DA:21,0
DA:24,0
DA:27,0
DA:42,0
DA:43,0
DA:44,0
DA:61,0
DA:62,0
DA:63,0
DA:64,0
DA:66,0
DA:69,0
DA:70,0
DA:71,0
DA:72,0
DA:89,0
DA:90,0
DA:92,0
DA:93,0
DA:95,0
DA:96,0
DA:97,0
DA:98,0
DA:100,0
DA:101,0
DA:102,0
DA:106,0
LF:29
LH:0
BRDA:21,0,0,0
BRDA:21,0,1,0
BRDA:21,0,2,0
BRDA:62,1,0,0
BRDA:62,1,1,0
BRDA:63,2,0,0
BRDA:63,3,0,0
BRDA:63,3,1,0
BRDA:95,4,0,0
BRDA:95,4,1,0
BRF:10
BRH:0
end_of_record
TN:
SF:src/lib/image/processing.ts
FN:43,addInitializationCommands
FN:67,addCuttingAndModeCommands
FN:102,buildHeaderOptions
FN:124,addMarginAndCompressionCommands
FN:153,createAdaptiveImageHeaderBuffers
FN:221,getCalibrationData
FN:238,applyHardcodedAdjustment
FN:258,applyJsonAdjustment
FN:279,applyCalibrationAdjustments
FN:298,calculateLeftOffset
FN:332,initializeRowBuffer
FN:349,logPositioningInfo
FN:368,writePixelCompressed
FN:382,writePixelUncompressed
FN:398,writePixelToBuffer
FN:428,createAdaptiveRowBuffer
FN:483,processAdaptiveRowData
FN:513,checkLabelSupport
FN:530,validateImageDimensions
FN:567,validatePrinterCompatibility
FN:602,processImageData
FN:648,applyLengthCalibration
FN:685,buildRasterLineData
FN:718,convert
FNF:24
FNH:0
FNDA:0,addInitializationCommands
FNDA:0,addCuttingAndModeCommands
FNDA:0,buildHeaderOptions
FNDA:0,addMarginAndCompressionCommands
FNDA:0,createAdaptiveImageHeaderBuffers
FNDA:0,getCalibrationData
FNDA:0,applyHardcodedAdjustment
FNDA:0,applyJsonAdjustment
FNDA:0,applyCalibrationAdjustments
FNDA:0,calculateLeftOffset
FNDA:0,initializeRowBuffer
FNDA:0,logPositioningInfo
FNDA:0,writePixelCompressed
FNDA:0,writePixelUncompressed
FNDA:0,writePixelToBuffer
FNDA:0,createAdaptiveRowBuffer
FNDA:0,processAdaptiveRowData
FNDA:0,checkLabelSupport
FNDA:0,validateImageDimensions
FNDA:0,validatePrinterCompatibility
FNDA:0,processImageData
FNDA:0,applyLengthCalibration
FNDA:0,buildRasterLineData
FNDA:0,convert
DA:45,0
DA:46,0
DA:47,0
DA:50,0
DA:51,0
DA:53,0
DA:70,0
DA:71,0
DA:74,0
DA:75,0
DA:76,0
DA:78,0
DA:79,0
DA:84,0
DA:85,0
DA:87,0
DA:88,0
DA:90,0
DA:91,0
DA:108,0
DA:131,0
DA:132,0
DA:133,0
DA:136,0
DA:137,0
DA:159,0
DA:161,0
DA:162,0
DA:163,0
DA:164,0
DA:165,0
DA:167,0
DA:170,0
DA:171,0
DA:172,0
DA:174,0
DA:175,0
DA:177,0
DA:178,0
DA:180,0
DA:181,0
DA:183,0
DA:184,0
DA:186,0
DA:222,0
DA:223,0
DA:224,0
DA:225,0
DA:227,0
DA:243,0
DA:244,0
DA:245,0
DA:247,0
DA:263,0
DA:264,0
DA:265,0
DA:267,0
DA:285,0
DA:286,0
DA:287,0
DA:288,0
DA:299,0
DA:300,0
DA:303,0
DA:304,0
DA:305,0
DA:308,0
DA:309,0
DA:310,0
DA:314,0
DA:321,0
DA:322,0
DA:333,0
DA:335,0
DA:336,0
DA:337,0
DA:350,0
DA:351,0
DA:352,0
DA:353,0
DA:354,0
DA:355,0
DA:356,0
DA:369,0
DA:370,0
DA:383,0
DA:384,0
DA:385,0
DA:386,0
DA:405,0
DA:407,0
DA:408,0
DA:410,0
DA:411,0
DA:413,0
DA:429,0
DA:430,0
DA:433,0
DA:434,0
DA:437,0
DA:438,0
DA:441,0
DA:442,0
DA:443,0
DA:444,0
DA:451,0
DA:484,0
DA:485,0
DA:486,0
DA:488,0
DA:490,0
DA:491,0
DA:492,0
DA:495,0
DA:496,0
DA:499,0
DA:501,0
DA:514,0
DA:515,0
DA:516,0
DA:517,0
DA:518,0
DA:536,0
DA:537,0
DA:539,0
DA:540,0
DA:541,0
DA:542,0
DA:546,0
DA:547,0
DA:548,0
DA:549,0
DA:550,0
DA:572,0
DA:574,0
DA:575,0
DA:576,0
DA:578,0
DA:580,0
DA:581,0
DA:583,0
DA:585,0
DA:586,0
DA:588,0
DA:603,0
DA:604,0
DA:605,0
DA:606,0
DA:607,0
DA:609,0
DA:611,0
DA:612,0
DA:613,0
DA:614,0
DA:617,0
DA:619,0
DA:620,0
DA:622,0
DA:624,0
DA:626,0
DA:627,0
DA:628,0
DA:629,0
DA:630,0
DA:632,0
DA:636,0
DA:637,0
DA:638,0
DA:649,0
DA:650,0
DA:652,0
DA:653,0
DA:654,0
DA:656,0
DA:658,0
DA:659,0
DA:660,0
DA:661,0
DA:664,0
DA:686,0
DA:687,0
DA:688,0
DA:690,0
DA:691,0
DA:699,0
DA:702,0
DA:724,0
DA:725,0
DA:727,0
DA:728,0
DA:730,0
DA:731,0
DA:734,0
DA:742,0
DA:745,0
DA:753,0
DA:756,0
DA:758,0
DA:759,0
DA:760,0
DA:761,0
DA:762,0
DA:764,0
DA:768,0
LF:204
LH:0
BRDA:45,0,0,0
BRDA:45,0,1,0
BRDA:50,1,0,0
BRDA:70,2,0,0
BRDA:74,3,0,0
BRDA:74,3,1,0
BRDA:84,4,0,0
BRDA:87,5,0,0
BRDA:87,6,0,0
BRDA:87,6,1,0
BRDA:109,7,0,0
BRDA:109,7,1,0
BRDA:112,8,0,0
BRDA:112,8,1,0
BRDA:112,9,0,0
BRDA:112,9,1,0
BRDA:131,10,0,0
BRDA:131,10,1,0
BRDA:132,11,0,0
BRDA:132,11,1,0
BRDA:136,12,0,0
BRDA:136,12,1,0
BRDA:137,13,0,0
BRDA:137,13,1,0
BRDA:177,14,0,0
BRDA:243,15,0,0
BRDA:243,16,0,0
BRDA:243,16,1,0
BRDA:263,17,0,0
BRDA:263,18,0,0
BRDA:263,18,1,0
BRDA:303,19,0,0
BRDA:308,20,0,0
BRDA:333,21,0,0
BRDA:350,22,0,0
BRDA:369,23,0,0
BRDA:369,24,0,0
BRDA:369,24,1,0
BRDA:385,25,0,0
BRDA:385,26,0,0
BRDA:385,26,1,0
BRDA:405,27,0,0
BRDA:405,28,0,0
BRDA:405,28,1,0
BRDA:410,29,0,0
BRDA:410,29,1,0
BRDA:433,30,0,0
BRDA:433,30,1,0
BRDA:442,31,0,0
BRDA:485,32,0,0
BRDA:485,32,1,0
BRDA:488,33,0,0
BRDA:488,33,1,0
BRDA:495,34,0,0
BRDA:514,35,0,0
BRDA:517,36,0,0
BRDA:517,36,1,0
BRDA:537,37,0,0
BRDA:537,37,1,0
BRDA:539,38,0,0
BRDA:540,39,0,0
BRDA:540,39,1,0
BRDA:547,40,0,0
BRDA:548,41,0,0
BRDA:548,41,1,0
BRDA:607,42,0,0
BRDA:607,42,1,0
BRDA:611,43,0,0
BRDA:619,44,0,0
BRDA:619,44,1,0
BRDA:628,45,0,0
BRDA:628,45,1,0
BRDA:628,46,0,0
BRDA:628,46,1,0
BRDA:650,47,0,0
BRDA:656,48,0,0
BRDA:656,49,0,0
BRDA:656,49,1,0
BRF:78
BRH:0
end_of_record
TN:
SF:src/lib/image/utils.ts
FN:28,getPixelGrayscaleValue
FN:61,convertToBlackAndWhiteMatrixImage
FN:93,rotateMatrixImage
FN:122,resizeImageToFit
FN:167,logScalingInfo
FN:190,scaleImageToTargetSize
FN:246,getPixelWithBounds
FN:285,createCenteredImageData
FN:329,ensureImageDimensions
FN:353,logCalibrationInfo
FN:372,processCalibrationAndLog
FN:399,processDieCutImageWithDimensions
FN:452,processDieCutImage
FNF:13
FNH:0
FNDA:0,getPixelGrayscaleValue
FNDA:0,convertToBlackAndWhiteMatrixImage
FNDA:0,rotateMatrixImage
FNDA:0,resizeImageToFit
FNDA:0,logScalingInfo
FNDA:0,scaleImageToTargetSize
FNDA:0,getPixelWithBounds
FNDA:0,createCenteredImageData
FNDA:0,ensureImageDimensions
FNDA:0,logCalibrationInfo
FNDA:0,processCalibrationAndLog
FNDA:0,processDieCutImageWithDimensions
FNDA:0,processDieCutImage
DA:33,0
DA:35,0
DA:38,0
DA:41,0
DA:44,0
DA:47,0
DA:63,0
DA:64,0
DA:66,0
DA:67,0
DA:68,0
DA:69,0
DA:70,0
DA:71,0
DA:72,0
DA:74,0
DA:77,0
DA:94,0
DA:95,0
DA:96,0
DA:97,0
DA:98,0
DA:100,0
DA:104,0
DA:123,0
DA:124,0
DA:125,0
DA:129,0
DA:130,0
DA:131,0
DA:133,0
DA:134,0
DA:135,0
DA:136,0
DA:137,0
DA:138,0
DA:139,0
DA:142,0
DA:143,0
DA:144,0
DA:145,0
DA:146,0
DA:147,0
DA:148,0
DA:150,0
DA:153,0
DA:168,0
DA:169,0
DA:170,0
DA:171,0
DA:172,0
DA:173,0
DA:175,0
DA:196,0
DA:197,0
DA:198,0
DA:200,0
DA:201,0
DA:203,0
DA:206,0
DA:207,0
DA:208,0
DA:209,0
DA:210,0
DA:211,0
DA:212,0
DA:214,0
DA:217,0
DA:247,0
DA:248,0
DA:249,0
DA:251,0
DA:286,0
DA:287,0
DA:289,0
DA:290,0
DA:291,0
DA:292,0
DA:293,0
DA:294,0
DA:296,0
DA:298,0
DA:330,0
DA:333,0
DA:334,0
DA:336,0
DA:354,0
DA:355,0
DA:356,0
DA:357,0
DA:358,0
DA:376,0
DA:377,0
DA:378,0
DA:380,0
DA:381,0
DA:382,0
DA:384,0
DA:405,0
DA:408,0
DA:409,0
DA:410,0
DA:411,0
DA:413,0
DA:414,0
DA:417,0
DA:424,0
DA:432,0
DA:434,0
DA:453,0
DA:454,0
DA:455,0
DA:456,0
DA:460,0
DA:461,0
DA:462,0
DA:463,0
DA:464,0
DA:465,0
DA:468,0
DA:469,0
LF:121
LH:0
BRDA:33,0,0,0
BRDA:33,0,1,0
BRDA:33,0,2,0
BRDA:33,0,3,0
BRDA:33,0,4,0
BRDA:64,1,0,0
BRDA:64,1,1,0
BRDA:71,2,0,0
BRDA:71,2,1,0
BRDA:123,3,0,0
BRDA:168,4,0,0
BRDA:168,4,1,0
BRDA:171,5,0,0
BRDA:171,5,1,0
BRDA:212,6,0,0
BRDA:212,6,1,0
BRDA:248,7,0,0
BRDA:248,8,0,0
BRDA:248,8,1,0
BRDA:248,8,2,0
BRDA:248,8,3,0
BRDA:354,9,0,0
BRDA:377,10,0,0
BRDA:377,10,1,0
BRDA:378,11,0,0
BRDA:378,11,1,0
BRDA:454,12,0,0
BRDA:462,13,0,0
BRF:28
BRH:0
end_of_record
TN:
SF:src/lib/printer/detection.ts
FN:33,isValidLabelWidth
FN:72,isValidPrinterProductId
FN:90,getPrinterCapabilitiesFromConfig
FN:111,detectBrotherPrinters
FN:113,(anonymous_4)
FN:152,detectSingleBrotherPrinter
FN:161,(anonymous_6)
FN:166,(anonymous_7)
FN:185,getPrinterCapabilities
FN:199,supportsLabelWidth
FN:214,getLabelConfiguration
FN:237,detectLabelWidth
FN:292,(anonymous_12)
FN:350,(anonymous_13)
FN:351,(anonymous_14)
FN:375,supportsDetectedMedia
FNF:16
FNH:0
FNDA:0,isValidLabelWidth
FNDA:0,isValidPrinterProductId
FNDA:0,getPrinterCapabilitiesFromConfig
FNDA:0,detectBrotherPrinters
FNDA:0,(anonymous_4)
FNDA:0,detectSingleBrotherPrinter
FNDA:0,(anonymous_6)
FNDA:0,(anonymous_7)
FNDA:0,getPrinterCapabilities
FNDA:0,supportsLabelWidth
FNDA:0,getLabelConfiguration
FNDA:0,detectLabelWidth
FNDA:0,(anonymous_12)
FNDA:0,(anonymous_13)
FNDA:0,(anonymous_14)
FNDA:0,supportsDetectedMedia
DA:25,0
DA:34,0
DA:60,0
DA:73,0
DA:74,0
DA:75,0
DA:91,0
DA:92,0
DA:93,0
DA:95,0
DA:96,0
DA:99,0
DA:112,0
DA:113,0
DA:114,0
DA:117,0
DA:119,0
DA:120,0
DA:121,0
DA:122,0
DA:124,0
DA:125,0
DA:126,0
DA:130,0
DA:132,0
DA:139,0
DA:153,0
DA:155,0
DA:156,0
DA:160,0
DA:161,0
DA:162,0
DA:166,0
DA:167,0
DA:168,0
DA:172,0
DA:186,0
DA:200,0
DA:201,0
DA:218,0
DA:219,0
DA:221,0
DA:238,0
DA:239,0
DA:240,0
DA:242,0
DA:243,0
DA:244,0
DA:245,0
DA:248,0
DA:249,0
DA:250,0
DA:252,0
DA:253,0
DA:254,0
DA:255,0
DA:256,0
DA:259,0
DA:261,0
DA:262,0
DA:263,0
DA:264,0
DA:265,0
DA:266,0
DA:267,0
DA:275,0
DA:278,0
DA:279,0
DA:280,0
DA:281,0
DA:282,0
DA:283,0
DA:284,0
DA:285,0
DA:286,0
DA:287,0
DA:289,0
DA:291,0
DA:292,0
DA:293,0
DA:295,0
DA:298,0
DA:309,0
DA:310,0
DA:311,0
DA:312,0
DA:318,0
DA:320,0
DA:338,0
DA:339,0
DA:340,0
DA:341,0
DA:342,0
DA:347,0
DA:349,0
DA:350,0
DA:351,0
DA:353,0
DA:354,0
DA:355,0
DA:356,0
DA:360,0
DA:361,0
DA:362,0
DA:376,0
DA:377,0
LF:106
LH:0
BRDA:95,0,0,0
BRDA:121,1,0,0
BRDA:125,2,0,0
BRDA:155,3,0,0
BRDA:160,4,0,0
BRDA:162,5,0,0
BRDA:162,5,1,0
BRDA:167,6,0,0
BRDA:218,7,0,0
BRDA:237,8,0,0
BRDA:245,9,0,0
BRDA:245,9,1,0
BRDA:245,10,0,0
BRDA:245,10,1,0
BRDA:248,11,0,0
BRDA:252,12,0,0
BRDA:252,13,0,0
BRDA:252,13,1,0
BRDA:252,13,2,0
BRDA:253,14,0,0
BRDA:259,15,0,0
BRDA:259,16,0,0
BRDA:259,16,1,0
BRDA:262,17,0,0
BRDA:262,17,1,0
BRDA:263,18,0,0
BRDA:263,19,0,0
BRDA:263,19,1,0
BRDA:264,20,0,0
BRDA:278,21,0,0
BRDA:279,22,0,0
BRDA:279,22,1,0
BRDA:279,22,2,0
BRDA:279,22,3,0
BRDA:279,22,4,0
BRDA:279,22,5,0
BRDA:279,22,6,0
BRDA:279,22,7,0
BRDA:279,22,8,0
BRDA:293,23,0,0
BRDA:293,23,1,0
BRDA:318,24,0,0
BRDA:339,25,0,0
BRDA:339,26,0,0
BRDA:339,26,1,0
BRDA:353,27,0,0
BRF:46
BRH:0
end_of_record
TN:
SF:src/lib/printer/printing.ts
FN:46,isValidOutEndpoint
FN:59,findEndpointInInterface
FN:78,findOutputEndpoint
FN:116,cleanupInterface
FN:133,transferData
FN:134,(anonymous_5)
FN:135,(anonymous_6)
FN:158,printLabel
FN:185,(anonymous_8)
FN:203,(anonymous_9)
FN:222,validateAndPrepareDevice
FN:248,printWithDetectedPrinter
FN:270,(anonymous_12)
FN:288,(anonymous_13)
FN:306,printPngFile
FN:317,(anonymous_15)
FN:347,validatePrinterSetup
FN:368,verifyMediaWidth
FN:380,logPrinterStatus
FN:394,checkPrinterStatus
FN:425,checkPrinterStatusWithAutoDetection
FN:470,processAndPrintImage
FN:504,printPngFileAuto
FN:544,listAvailablePrinters
FN:551,(anonymous_24)
FNF:25
FNH:0
FNDA:0,isValidOutEndpoint
FNDA:0,findEndpointInInterface
FNDA:0,findOutputEndpoint
FNDA:0,cleanupInterface
FNDA:0,transferData
FNDA:0,(anonymous_5)
FNDA:0,(anonymous_6)
FNDA:0,printLabel
FNDA:0,(anonymous_8)
FNDA:0,(anonymous_9)
FNDA:0,validateAndPrepareDevice
FNDA:0,printWithDetectedPrinter
FNDA:0,(anonymous_12)
FNDA:0,(anonymous_13)
FNDA:0,printPngFile
FNDA:0,(anonymous_15)
FNDA:0,validatePrinterSetup
FNDA:0,verifyMediaWidth
FNDA:0,logPrinterStatus
FNDA:0,checkPrinterStatus
FNDA:0,checkPrinterStatusWithAutoDetection
FNDA:0,processAndPrintImage
FNDA:0,printPngFileAuto
FNDA:0,listAvailablePrinters
FNDA:0,(anonymous_24)
DA:47,0
DA:60,0
DA:61,0
DA:62,0
DA:65,0
DA:79,0
DA:80,0
DA:81,0
DA:84,0
DA:85,0
DA:88,0
DA:89,0
DA:90,0
DA:92,0
DA:94,0
DA:95,0
DA:96,0
DA:97,0
DA:100,0
DA:101,0
DA:104,0
DA:118,0
DA:119,0
DA:134,0
DA:135,0
DA:137,0
DA:138,0
DA:140,0
DA:159,0
DA:162,0
DA:163,0
DA:166,0
DA:167,0
DA:168,0
DA:170,0
DA:171,0
DA:172,0
DA:173,0
DA:175,0
DA:177,0
DA:178,0
DA:179,0
DA:181,0
DA:185,0
DA:187,0
DA:191,0
DA:192,0
DA:195,0
DA:196,0
DA:198,0
DA:201,0
DA:203,0
DA:204,0
DA:206,0
DA:225,0
DA:226,0
DA:229,0
DA:231,0
DA:232,0
DA:235,0
DA:249,0
DA:251,0
DA:252,0
DA:253,0
DA:255,0
DA:256,0
DA:257,0
DA:258,0
DA:260,0
DA:262,0
DA:263,0
DA:264,0
DA:266,0
DA:270,0
DA:272,0
DA:276,0
DA:277,0
DA:280,0
DA:281,0
DA:283,0
DA:286,0
DA:288,0
DA:289,0
DA:291,0
DA:307,0
DA:308,0
DA:311,0
DA:312,0
DA:317,0
DA:318,0
DA:322,0
DA:325,0
DA:326,0
DA:328,0
DA:329,0
DA:330,0
DA:333,0
DA:334,0
DA:349,0
DA:350,0
DA:354,0
DA:355,0
DA:369,0
DA:370,0
DA:371,0
DA:381,0
DA:382,0
DA:395,0
DA:398,0
DA:399,0
DA:402,0
DA:404,0
DA:405,0
DA:406,0
DA:409,0
DA:410,0
DA:412,0
DA:426,0
DA:429,0
DA:430,0
DA:433,0
DA:435,0
DA:436,0
DA:437,0
DA:441,0
DA:443,0
DA:444,0
DA:445,0
DA:446,0
DA:448,0
DA:449,0
DA:452,0
DA:454,0
DA:455,0
DA:472,0
DA:473,0
DA:476,0
DA:477,0
DA:481,0
DA:485,0
DA:488,0
DA:491,0
DA:506,0
DA:509,0
DA:510,0
DA:513,0
DA:516,0
DA:518,0
DA:519,0
DA:521,0
DA:523,0
DA:525,0
DA:527,0
DA:531,0
DA:533,0
DA:545,0
DA:547,0
DA:548,0
DA:550,0
DA:551,0
DA:552,0
DA:556,0
LF:162
LH:0
BRDA:47,0,0,0
BRDA:47,0,1,0
BRDA:47,0,2,0
BRDA:47,0,3,0
BRDA:61,1,0,0
BRDA:61,2,0,0
BRDA:61,2,1,0
BRDA:84,3,0,0
BRDA:94,4,0,0
BRDA:118,5,0,0
BRDA:118,6,0,0
BRDA:118,6,1,0
BRDA:137,7,0,0
BRDA:137,7,1,0
BRDA:162,8,0,0
BRDA:175,9,0,0
BRDA:175,9,1,0
BRDA:177,10,0,0
BRDA:177,10,1,0
BRDA:225,11,0,0
BRDA:231,12,0,0
BRDA:260,13,0,0
BRDA:260,13,1,0
BRDA:262,14,0,0
BRDA:262,14,1,0
BRDA:311,15,0,0
BRDA:325,16,0,0
BRDA:329,17,0,0
BRDA:349,18,0,0
BRDA:354,19,0,0
BRDA:369,20,0,0
BRDA:369,20,1,0
BRDA:370,21,0,0
BRDA:370,22,0,0
BRDA:370,22,1,0
BRDA:381,23,0,0
BRDA:381,23,1,0
BRDA:381,24,0,0
BRDA:381,24,1,0
BRDA:398,25,0,0
BRDA:404,26,0,0
BRDA:429,27,0,0
BRDA:435,28,0,0
BRDA:443,29,0,0
BRDA:443,29,1,0
BRDA:443,30,0,0
BRDA:443,30,1,0
BRDA:476,31,0,0
BRDA:485,32,0,0
BRDA:485,32,1,0
BRDA:485,33,0,0
BRDA:485,33,1,0
BRDA:509,34,0,0
BRDA:519,35,0,0
BRDA:519,35,1,0
BRDA:547,36,0,0
BRDA:547,36,1,0
BRDA:552,37,0,0
BRDA:552,37,1,0
BRF:59
BRH:0
end_of_record
TN:
SF:src/lib/printer/status.ts
FN:20,isOutEndpoint
FN:31,isInEndpoint
FN:45,parseStatusResponse
FN:70,setupUSBInterface
FN:98,queryPrinterStatus
FN:99,(anonymous_5)
FN:103,(anonymous_6)
FN:125,(anonymous_7)
FN:130,(anonymous_8)
FN:138,(anonymous_9)
FN:174,hasStatusError
FN:213,parseErrorBits
FN:233,getStatusErrorMessage
FNF:13
FNH:0
FNDA:0,isOutEndpoint
FNDA:0,isInEndpoint
FNDA:0,parseStatusResponse
FNDA:0,setupUSBInterface
FNDA:0,queryPrinterStatus
FNDA:0,(anonymous_5)
FNDA:0,(anonymous_6)
FNDA:0,(anonymous_7)
FNDA:0,(anonymous_8)
FNDA:0,(anonymous_9)
FNDA:0,hasStatusError
FNDA:0,parseErrorBits
FNDA:0,getStatusErrorMessage
DA:21,0
DA:32,0
DA:46,0
DA:71,0
DA:72,0
DA:73,0
DA:75,0
DA:76,0
DA:77,0
DA:79,0
DA:80,0
DA:83,0
DA:99,0
DA:100,0
DA:101,0
DA:103,0
DA:104,0
DA:105,0
DA:106,0
DA:108,0
DA:109,0
DA:110,0
DA:114,0
DA:118,0
DA:119,0
DA:120,0
DA:121,0
DA:122,0
DA:125,0
DA:126,0
DA:127,0
DA:130,0
DA:131,0
DA:132,0
DA:133,0
DA:134,0
DA:138,0
DA:139,0
DA:141,0
DA:142,0
DA:143,0
DA:146,0
DA:147,0
DA:148,0
DA:152,0
DA:153,0
DA:155,0
DA:159,0
DA:160,0
DA:175,0
DA:183,0
DA:196,0
DA:214,0
DA:215,0
DA:216,0
DA:217,0
DA:218,0
DA:221,0
DA:234,0
DA:235,0
DA:238,0
DA:243,0
LF:62
LH:0
BRDA:21,0,0,0
BRDA:21,0,1,0
BRDA:21,0,2,0
BRDA:32,1,0,0
BRDA:32,1,1,0
BRDA:32,1,2,0
BRDA:79,2,0,0
BRDA:79,3,0,0
BRDA:79,3,1,0
BRDA:98,4,0,0
BRDA:104,5,0,0
BRDA:108,6,0,0
BRDA:131,7,0,0
BRDA:141,8,0,0
BRDA:146,9,0,0
BRDA:146,10,0,0
BRDA:146,10,1,0
BRDA:147,11,0,0
BRDA:147,11,1,0
BRDA:160,12,0,0
BRDA:160,12,1,0
BRDA:175,13,0,0
BRDA:175,13,1,0
BRDA:175,13,2,0
BRDA:217,14,0,0
BRDA:234,15,0,0
BRDA:243,16,0,0
BRDA:243,16,1,0
BRF:28
BRH:0
end_of_record
TN:
SF:src/lib/utils/logger.ts
FN:39,enableLogging
FN:48,isLoggingEnabled
FN:59,(anonymous_2)
FN:65,(anonymous_3)
FN:71,(anonymous_4)
FN:76,(anonymous_5)
FN:81,(anonymous_6)
FNF:7
FNH:0
FNDA:0,enableLogging
FNDA:0,isLoggingEnabled
FNDA:0,(anonymous_2)
FNDA:0,(anonymous_3)
FNDA:0,(anonymous_4)
FNDA:0,(anonymous_5)
FNDA:0,(anonymous_6)
DA:20,0
DA:23,0
DA:24,0
DA:25,0
DA:26,0
DA:40,0
DA:49,0
DA:58,0
DA:60,0
DA:61,0
DA:66,0
DA:67,0
DA:73,0
DA:78,0
DA:82,0
DA:83,0
LF:16
LH:0
BRDA:23,0,0,0
BRDA:23,1,0,0
BRDA:23,1,1,0
BRDA:25,2,0,0
BRDA:25,3,0,0
BRDA:25,3,1,0
BRDA:25,3,2,0
BRDA:60,4,0,0
BRDA:66,5,0,0
BRDA:82,6,0,0
BRF:10
BRH:0
end_of_record
TN:
SF:src/types/label.ts
FNF:0
FNH:0
DA:63,0
LF:1
LH:0
BRF:0
BRH:0
end_of_record
TN:
SF:src/types/printer.ts
FN:138,(anonymous_0)
FN:145,(anonymous_1)
FN:152,(anonymous_2)
FNF:3
FNH:0
FNDA:0,(anonymous_0)
FNDA:0,(anonymous_1)
FNDA:0,(anonymous_2)
DA:132,0
DA:138,0
DA:145,0
DA:153,0
DA:154,0
DA:155,0
DA:156,0
LF:7
LH:0
BRDA:153,0,0,0
BRDA:153,0,1,0
BRDA:153,0,2,0
BRF:3
BRH:0
end_of_record
